0 info it worked if it ends with ok
1 verbose cli [ 'C:\\Program Files\\nodejs\\node.exe',
1 verbose cli   'C:\\Program Files\\nodejs\\node_modules\\npm\\bin\\npm-cli.js',
1 verbose cli   'run',
1 verbose cli   'sass' ]
2 info using npm@3.10.10
3 info using node@v6.14.4
4 verbose run-script [ 'presass', 'sass', 'postsass' ]
5 info lifecycle kfir-portfolio@1.0.0~presass: kfir-portfolio@1.0.0
6 silly lifecycle kfir-portfolio@1.0.0~presass: no script for presass, continuing
7 info lifecycle kfir-portfolio@1.0.0~sass: kfir-portfolio@1.0.0
8 verbose lifecycle kfir-portfolio@1.0.0~sass: unsafe-perm in lifecycle true
9 verbose lifecycle kfir-portfolio@1.0.0~sass: PATH: C:\Users\kfirf\AppData\Roaming\nvm\v6.14.4\node_modules\npm\bin\node-gyp-bin;C:\Exlibris - Kfir\kfir-portfolio\node_modules\.bin;C:\Program Files (x86)\Common Files\Oracle\Java\java8path;C:\Program Files (x86)\Common Files\Oracle\Java\javapath;%JAVA_HOME%\bin;C:\WINDOWS\system32;C:\WINDOWS;C:\WINDOWS\System32\Wbem;C:\WINDOWS\System32\WindowsPowerShell\v1.0\;C:\WINDOWS\System32\OpenSSH\;c:\Program Files (x86)\Subversion\bin;C:\Users\kfirf\AppData\Roaming\nvm;C:\Program Files\nodejs;C:\Program Files (x86)\dotnet\;C:\Program Files\dotnet\;C:\Program Files\PuTTY\;C:\Program Files\Git\cmd;C:\Program Files\TortoiseSVN\bin;C:\Users\kfirf\AppData\Local\Microsoft\WindowsApps;C:\Users\kfirf\AppData\Roaming\nvm;C:\Program Files\nodejs;C:\Users\kfirf\AppData\Local\Programs\Microsoft VS Code\bin;C:\Exlibris - Kfir\kfir-portfolio\node_modules\.bin
10 verbose lifecycle kfir-portfolio@1.0.0~sass: CWD: C:\Exlibris - Kfir\kfir-portfolio
11 silly lifecycle kfir-portfolio@1.0.0~sass: Args: [ '/d /s /c', 'sass --watch scss/main.scss:css/style.css' ]
12 silly lifecycle kfir-portfolio@1.0.0~sass: Returned: code: 1  signal: null
13 info lifecycle kfir-portfolio@1.0.0~sass: Failed to exec sass script
14 verbose stack Error: kfir-portfolio@1.0.0 sass: `sass --watch scss/main.scss:css/style.css`
14 verbose stack Exit status 1
14 verbose stack     at EventEmitter.<anonymous> (C:\Users\kfirf\AppData\Roaming\nvm\v6.14.4\node_modules\npm\lib\utils\lifecycle.js:255:16)
14 verbose stack     at emitTwo (events.js:106:13)
14 verbose stack     at EventEmitter.emit (events.js:191:7)
14 verbose stack     at ChildProcess.<anonymous> (C:\Users\kfirf\AppData\Roaming\nvm\v6.14.4\node_modules\npm\lib\utils\spawn.js:40:14)
14 verbose stack     at emitTwo (events.js:106:13)
14 verbose stack     at ChildProcess.emit (events.js:191:7)
14 verbose stack     at maybeClose (internal/child_process.js:920:16)
14 verbose stack     at Process.ChildProcess._handle.onexit (internal/child_process.js:230:5)
15 verbose pkgid kfir-portfolio@1.0.0
16 verbose cwd C:\Exlibris - Kfir\kfir-portfolio
17 error Windows_NT 10.0.19045
18 error argv "C:\\Program Files\\nodejs\\node.exe" "C:\\Program Files\\nodejs\\node_modules\\npm\\bin\\npm-cli.js" "run" "sass"
19 error node v6.14.4
20 error npm  v3.10.10
21 error code ELIFECYCLE
22 error kfir-portfolio@1.0.0 sass: `sass --watch scss/main.scss:css/style.css`
22 error Exit status 1
23 error Failed at the kfir-portfolio@1.0.0 sass script 'sass --watch scss/main.scss:css/style.css'.
23 error Make sure you have the latest version of node.js and npm installed.
23 error If you do, this is most likely a problem with the kfir-portfolio package,
23 error not with npm itself.
23 error Tell the author that this fails on your system:
23 error     sass --watch scss/main.scss:css/style.css
23 error You can get information on how to open an issue for this project with:
23 error     npm bugs kfir-portfolio
23 error Or if that isn't available, you can get their info via:
23 error     npm owner ls kfir-portfolio
23 error There is likely additional logging output above.
24 verbose exit [ 1, true ]
